19:34:17 **** Build of configuration Debug for project CMPE126_LAB3_LP ****
make all 
Building file: ../CMPE126_LAB3_LP.src/arrayList.cpp
Invoking: GCC C++ Compiler
g++ -O0 -g3 -Wall -c -fmessage-length=0 -MMD -MP -MF"CMPE126_LAB3_LP.src/arrayList.d" -MT"CMPE126_LAB3_LP.src/arrayList.o" -o "CMPE126_LAB3_LP.src/arrayList.o" "../CMPE126_LAB3_LP.src/arrayList.cpp"
Finished building: ../CMPE126_LAB3_LP.src/arrayList.cpp
 
Building file: ../CMPE126_LAB3_LP.src/lab3-cmpe126.cpp
Invoking: GCC C++ Compiler
g++ -O0 -g3 -Wall -c -fmessage-length=0 -MMD -MP -MF"CMPE126_LAB3_LP.src/lab3-cmpe126.d" -MT"CMPE126_LAB3_LP.src/lab3-cmpe126.o" -o "CMPE126_LAB3_LP.src/lab3-cmpe126.o" "../CMPE126_LAB3_LP.src/lab3-cmpe126.cpp"
Finished building: ../CMPE126_LAB3_LP.src/lab3-cmpe126.cpp
 
Building target: CMPE126_LAB3_LP
Invoking: MacOS X C++ Linker
g++  -o "CMPE126_LAB3_LP"  ./CMPE126_LAB3_LP.src/arrayList.o ./CMPE126_LAB3_LP.src/lab3-cmpe126.o   
Undefined symbols for architecture x86_64:
  "arrayList<int, 10ul>::retrieveAt(int)", referenced from:
      _main in lab3-cmpe126.o
  "arrayList<int, 10ul>::isItemAtEqual(int, int)", referenced from:
      _main in lab3-cmpe126.o
  "arrayList<int, 10ul>::print()", referenced from:
      _main in lab3-cmpe126.o
      _main in lab3-cmpe126.o
      _main in lab3-cmpe126.o
      _main in lab3-cmpe126.o
      _main in lab3-cmpe126.o
      _main in lab3-cmpe126.o
      _main in lab3-cmpe126.o
      ...
  "arrayList<int, 10ul>::insertAt(int, int)", referenced from:
      _main in lab3-cmpe126.o
  "arrayList<int, 10ul>::removeAt(int)", referenced from:
      _main in lab3-cmpe126.o
  "arrayList<int, 10ul>::clearList()", referenced from:
      _main in lab3-cmpe126.o
  "arrayList<int, 10ul>::insertEnd(int)", referenced from:
      _main in lab3-cmpe126.o
      _main in lab3-cmpe126.o
      _main in lab3-cmpe126.o
      _main in lab3-cmpe126.o
      _main in lab3-cmpe126.o
      _main in lab3-cmpe126.o
  "arrayList<int, 10ul>::replaceAt(int, int)", referenced from:
      _main in lab3-cmpe126.o
  "arrayList<int, 10ul>::arrayList(std::__1::basic_string<char, std::__1::char_traits<char>, std::__1::allocator<char>>, unsigned long)", referenced from:
      _main in lab3-cmpe126.o
      _main in lab3-cmpe126.o
  "arrayList<int, 10ul>::~arrayList()", referenced from:
      _main in lab3-cmpe126.o
      _main in lab3-cmpe126.o
      _main in lab3-cmpe126.o
      _main in lab3-cmpe126.o
  "arrayList<int, 10ul>::operator=(arrayList<int, 10ul> const&)", referenced from:
      _main in lab3-cmpe126.o
  "arrayList<int, 10ul>::maxListSize() const", referenced from:
      _main in lab3-cmpe126.o
  "arrayList<int, 10ul>::isFull() const", referenced from:
      _main in lab3-cmpe126.o
  "arrayList<int, 10ul>::isEmpty() const", referenced from:
      _main in lab3-cmpe126.o
      _main in lab3-cmpe126.o
  "arrayList<int, 10ul>::listSize() const", referenced from:
      _main in lab3-cmpe126.o
ld: symbol(s) not found for architecture x86_64
clang: error: linker command failed with exit code 1 (use -v to see invocation)
make: *** [CMPE126_LAB3_LP] Error 1
"make all" terminated with exit code 2. Build might be incomplete.

19:34:19 Build Failed. 2 errors, 0 warnings. (took 1s.545ms)

